<?xml version="1.0" encoding="utf-8" standalone="no"?>
<!--This file represents the results of running a test suite-->
<test-results name="C:\Users\Josh Jackson\a-hundred-quests\OHQ\UnitTests\bin\Debug\UnitTests.dll" total="2" failures="1" not-run="0" date="2008-12-10" time="17:16:30">
  <environment nunit-version="2.4.8.0" clr-version="2.0.50727.3053" os-version="Microsoft Windows NT 6.0.6001 Service Pack 1" platform="Win32NT" cwd="C:\Program Files\NUnit 2.4.8\bin" machine-name="WIN-X3NL0L79PVU" user="Josh Jackson" user-domain="WIN-X3NL0L79PVU" />
  <culture-info current-culture="en-US" current-uiculture="en-US" />
  <test-suite name="C:\Users\Josh Jackson\a-hundred-quests\OHQ\UnitTests\bin\Debug\UnitTests.dll" success="False" time="0.101" asserts="0">
    <results>
      <test-suite name="UnitTests" success="False" time="0.097" asserts="0">
        <results>
          <test-suite name="TerrainTest" success="False" time="0.077" asserts="0">
            <results>
              <test-case name="UnitTests.TerrainTest.Count" executed="True" success="True" time="0.021" asserts="1" />
              <test-case name="UnitTests.TerrainTest.Name" executed="True" success="False" time="0.049" asserts="0">
                <failure>
                  <message><![CDATA[System.NullReferenceException : Object reference not set to an instance of an object.]]></message>
                  <stack-trace><![CDATA[at OHQData.Terrain.get_Name() in C:\Users\Josh Jackson\a-hundred-quests\OHQ\OHQDataWindows\Map\Terrain.cs:line 19
at UnitTests.TerrainTest.Name() in C:\Users\Josh Jackson\a-hundred-quests\OHQ\UnitTests\Map\TerrainTest.cs:line 30
]]></stack-trace>
                </failure>
              </test-case>
            </results>
          </test-suite>
        </results>
      </test-suite>
    </results>
  </test-suite>
</test-results>