<?xml version="1.0" encoding="utf-8" standalone="no"?>
<!--This file represents the results of running a test suite-->
<test-results name="C:\Documents and Settings\jonathan\My Documents\Visual Studio 2005\Projects\OHQ\UnitTests\bin\Debug\UnitTests.dll" total="6" failures="0" not-run="0" date="2008-07-03" time="13:54:36">
  <environment nunit-version="2.4.7.0" clr-version="2.0.50727.1433" os-version="Microsoft Windows NT 5.1.2600 Service Pack 2" platform="Win32NT" cwd="C:\Documents and Settings\jonathan\My Documents\Visual Studio 2005\Projects\OHQ\UnitTests\bin\Debug" machine-name="CHEWY" user="jonathan" user-domain="CHEWY" />
  <culture-info current-culture="en-US" current-uiculture="en-US" />
  <test-suite name="C:\Documents and Settings\jonathan\My Documents\Visual Studio 2005\Projects\OHQ\UnitTests\bin\Debug\UnitTests.dll" success="True" time="0.125" asserts="0">
    <results>
      <test-suite name="OHQData" success="True" time="0.125" asserts="0">
        <results>
          <test-suite name="AnimationTest" success="True" time="0.094" asserts="0">
            <results>
              <test-case name="OHQData.AnimationTest.Construction" executed="True" success="True" time="0.078" asserts="7" />
              <test-case name="OHQData.AnimationTest.Pause" executed="True" success="True" time="0.000" asserts="4" />
              <test-case name="OHQData.AnimationTest.Play" executed="True" success="True" time="0.000" asserts="1" />
              <test-case name="OHQData.AnimationTest.Stop" executed="True" success="True" time="0.000" asserts="1" />
            </results>
          </test-suite>
          <test-suite name="SpriteTest" success="True" time="0.000" asserts="0">
            <results>
              <test-case name="OHQData.SpriteTest.Construction" executed="True" success="True" time="0.000" asserts="0" />
            </results>
          </test-suite>
          <test-suite name="TerrainTest" success="True" time="0.016" asserts="0">
            <results>
              <test-case name="OHQData.TerrainTest.Count" executed="True" success="True" time="0.016" asserts="1" />
            </results>
          </test-suite>
        </results>
      </test-suite>
    </results>
  </test-suite>
</test-results>